<?xml version="1.0" encoding="UTF-8"?>
<testng-results ignored="0" total="1" passed="1" failed="0" skipped="0">
  <reporter-output>
  </reporter-output>
  <suite started-at="2022-01-12T17:02:35 IST" name="Sanity" finished-at="2022-01-12T17:02:56 IST" duration-ms="20617">
    <groups>
    </groups>
    <test started-at="2022-01-12T17:02:35 IST" name="RetailUserModules" finished-at="2022-01-12T17:02:56 IST" duration-ms="20617">
      <class name="com.abcbanking.testCases.LoginPageInvalidUser">
        <test-method is-config="true" signature="setup(java.lang.String)[pri:0, instance:com.abcbanking.testCases.LoginPageInvalidUser@56cdfb3b]" started-at="2022-01-12T17:02:36 IST" name="setup" finished-at="2022-01-12T17:02:37 IST" duration-ms="1937" status="PASS">
          <params>
            <param index="0">
              <value>
                <![CDATA[chrome]]>
              </value>
            </param>
          </params>
          <reporter-output>
          </reporter-output>
        </test-method> <!-- setup -->
        <test-method signature="invalidUserLogin()[pri:0, instance:com.abcbanking.testCases.LoginPageInvalidUser@56cdfb3b]" started-at="2022-01-12T17:02:37 IST" name="invalidUserLogin" finished-at="2022-01-12T17:02:56 IST" duration-ms="18481" status="PASS">
          <reporter-output>
          </reporter-output>
        </test-method> <!-- invalidUserLogin -->
      </class> <!-- com.abcbanking.testCases.LoginPageInvalidUser -->
    </test> <!-- RetailUserModules -->
  </suite> <!-- Sanity -->
</testng-results>
